<?xml version="1.0" encoding="UTF-8"?>
<!-- Generated by org.testng.reporters.JUnitReportReporter -->
<testsuite hostname="Santosh-Sharma" failures="0" tests="2" name="cucumberOptions.TestNgTestRunner" time="0.086" errors="0" timestamp="2022-06-30T22:25:37 IST" skipped="0">
  <testcase classname="cucumberOptions.TestNgTestRunner" name="runScenario" time="0.081"/>
  <system-out/>
  <testcase classname="cucumberOptions.TestNgTestRunner" name="runScenario" time="0.005"/>
  <system-out/>
</testsuite> <!-- cucumberOptions.TestNgTestRunner -->
