<?xml version="1.0" encoding="UTF-8"?>
<!-- Generated by org.testng.reporters.JUnitReportReporter -->
<testsuite hostname="Santosh-Sharma" failures="0" tests="1" name="mytests.Demo" time="16.138" errors="0" timestamp="2022-08-21T18:48:53 IST" skipped="0">
  <testcase classname="mytests.Demo" name="HomePageCheck" time="16.138"/>
  <system-out/>
</testsuite> <!-- mytests.Demo -->
