<?xml version="1.0" encoding="UTF-8"?>
<!-- Generated by org.testng.reporters.JUnitReportReporter -->
<testsuite hostname="Santosh-Sharma" failures="0" tests="1" name="test.RSATest" time="9.196" errors="0" timestamp="2022-08-18T22:30:16 IST" skipped="0">
  <testcase classname="test.RSATest" name="HomePageCheck" time="9.196"/>
  <system-out/>
</testsuite> <!-- test.RSATest -->
