<?xml version="1.0" encoding="UTF-8"?>
<!-- Generated by org.testng.reporters.JUnitReportReporter -->
<testsuite hostname="Santosh-Sharma" failures="0" tests="1" name="test.GoogleTest" time="6.613" errors="0" timestamp="2022-08-18T22:30:16 IST" skipped="0">
  <testcase classname="test.GoogleTest" name="HomePageCheck" time="6.613"/>
  <system-out/>
</testsuite> <!-- test.GoogleTest -->
